# Logfile created on 2014-02-16 16:55:19 +0900 by logger.rb/36483
I, [2014-02-16T16:55:19.827277 #34843]  INFO -- : 0:  rake (10.1.1) from /Users/fifnel/.rbenv/versions/2.0.0-p195/lib/ruby/gems/2.0.0/specifications/rake-10.1.1.gemspec
I, [2014-02-16T16:55:19.827702 #34843]  INFO -- : 0:  i18n (0.6.9) from /Users/fifnel/.rbenv/versions/2.0.0-p195/lib/ruby/gems/2.0.0/specifications/i18n-0.6.9.gemspec
I, [2014-02-16T16:55:19.827954 #34843]  INFO -- : 0:  multi_json (1.8.4) from /Users/fifnel/.rbenv/versions/2.0.0-p195/lib/ruby/gems/2.0.0/specifications/multi_json-1.8.4.gemspec
I, [2014-02-16T16:55:19.828198 #34843]  INFO -- : 0:  activesupport (3.2.16) from /Users/fifnel/.rbenv/versions/2.0.0-p195/lib/ruby/gems/2.0.0/specifications/activesupport-3.2.16.gemspec
I, [2014-02-16T16:55:19.828426 #34843]  INFO -- : 0:  bubble-wrap (1.4.0) from /Users/fifnel/.rbenv/versions/2.0.0-p195/lib/ruby/gems/2.0.0/specifications/bubble-wrap-1.4.0.gemspec
I, [2014-02-16T16:55:19.828673 #34843]  INFO -- : 0:  claide (0.4.0) from /Users/fifnel/.rbenv/versions/2.0.0-p195/lib/ruby/gems/2.0.0/specifications/claide-0.4.0.gemspec
I, [2014-02-16T16:55:19.828903 #34843]  INFO -- : 0:  fuzzy_match (2.0.4) from /Users/fifnel/.rbenv/versions/2.0.0-p195/lib/ruby/gems/2.0.0/specifications/fuzzy_match-2.0.4.gemspec
I, [2014-02-16T16:55:19.829129 #34843]  INFO -- : 0:  json_pure (1.8.1) from /Users/fifnel/.rbenv/versions/2.0.0-p195/lib/ruby/gems/2.0.0/specifications/json_pure-1.8.1.gemspec
I, [2014-02-16T16:55:19.829356 #34843]  INFO -- : 0:  nap (0.6.0) from /Users/fifnel/.rbenv/versions/2.0.0-p195/lib/ruby/gems/2.0.0/specifications/nap-0.6.0.gemspec
I, [2014-02-16T16:55:19.829586 #34843]  INFO -- : 0:  cocoapods-core (0.29.0) from /Users/fifnel/.rbenv/versions/2.0.0-p195/lib/ruby/gems/2.0.0/specifications/cocoapods-core-0.29.0.gemspec
I, [2014-02-16T16:55:19.829816 #34843]  INFO -- : 0:  cocoapods-downloader (0.3.0) from /Users/fifnel/.rbenv/versions/2.0.0-p195/lib/ruby/gems/2.0.0/specifications/cocoapods-downloader-0.3.0.gemspec
I, [2014-02-16T16:55:19.830038 #34843]  INFO -- : 0:  cocoapods-try-release-fix (0.1.1) from /Users/fifnel/.rbenv/versions/2.0.0-p195/lib/ruby/gems/2.0.0/specifications/cocoapods-try-release-fix-0.1.1.gemspec
I, [2014-02-16T16:55:19.830270 #34843]  INFO -- : 0:  colored (1.2) from /Users/fifnel/.rbenv/versions/2.0.0-p195/lib/ruby/gems/2.0.0/specifications/colored-1.2.gemspec
I, [2014-02-16T16:55:19.830495 #34843]  INFO -- : 0:  escape (0.0.4) from /Users/fifnel/.rbenv/versions/2.0.0-p195/lib/ruby/gems/2.0.0/specifications/escape-0.0.4.gemspec
I, [2014-02-16T16:55:19.830717 #34843]  INFO -- : 0:  open4 (1.3.0) from /Users/fifnel/.rbenv/versions/2.0.0-p195/lib/ruby/gems/2.0.0/specifications/open4-1.3.0.gemspec
I, [2014-02-16T16:55:19.830935 #34843]  INFO -- : 0:  xcodeproj (0.14.1) from /Users/fifnel/.rbenv/versions/2.0.0-p195/lib/ruby/gems/2.0.0/specifications/xcodeproj-0.14.1.gemspec
I, [2014-02-16T16:55:19.831133 #34843]  INFO -- : 0:  cocoapods (0.29.0) from /Users/fifnel/.rbenv/versions/2.0.0-p195/lib/ruby/gems/2.0.0/specifications/cocoapods-0.29.0.gemspec
I, [2014-02-16T16:55:19.831339 #34843]  INFO -- : 0:  motion-cocoapods (1.4.0) from /Users/fifnel/.rbenv/versions/2.0.0-p195/lib/ruby/gems/2.0.0/specifications/motion-cocoapods-1.4.0.gemspec
I, [2014-02-16T16:55:19.831505 #34843]  INFO -- : 0:  bundler (1.5.1) from /Users/fifnel/.rbenv/versions/2.0.0-p195/lib/ruby/gems/2.0.0/specifications/bundler-1.5.1.gemspec
I, [2014-02-16T20:19:12.689056 #39776]  INFO -- : 0:  rake (10.1.1) from /Users/fifnel/.rbenv/versions/2.0.0-p195/lib/ruby/gems/2.0.0/specifications/rake-10.1.1.gemspec
I, [2014-02-16T20:19:12.692547 #39776]  INFO -- : 0:  i18n (0.6.9) from /Users/fifnel/.rbenv/versions/2.0.0-p195/lib/ruby/gems/2.0.0/specifications/i18n-0.6.9.gemspec
I, [2014-02-16T20:19:12.692938 #39776]  INFO -- : 0:  multi_json (1.8.4) from /Users/fifnel/.rbenv/versions/2.0.0-p195/lib/ruby/gems/2.0.0/specifications/multi_json-1.8.4.gemspec
I, [2014-02-16T20:19:12.693303 #39776]  INFO -- : 0:  activesupport (3.2.16) from /Users/fifnel/.rbenv/versions/2.0.0-p195/lib/ruby/gems/2.0.0/specifications/activesupport-3.2.16.gemspec
I, [2014-02-16T20:19:12.693674 #39776]  INFO -- : 0:  bubble-wrap (1.4.0) from /Users/fifnel/.rbenv/versions/2.0.0-p195/lib/ruby/gems/2.0.0/specifications/bubble-wrap-1.4.0.gemspec
I, [2014-02-16T20:19:12.694026 #39776]  INFO -- : 0:  claide (0.4.0) from /Users/fifnel/.rbenv/versions/2.0.0-p195/lib/ruby/gems/2.0.0/specifications/claide-0.4.0.gemspec
I, [2014-02-16T20:19:12.694358 #39776]  INFO -- : 0:  fuzzy_match (2.0.4) from /Users/fifnel/.rbenv/versions/2.0.0-p195/lib/ruby/gems/2.0.0/specifications/fuzzy_match-2.0.4.gemspec
I, [2014-02-16T20:19:12.694706 #39776]  INFO -- : 0:  json_pure (1.8.1) from /Users/fifnel/.rbenv/versions/2.0.0-p195/lib/ruby/gems/2.0.0/specifications/json_pure-1.8.1.gemspec
I, [2014-02-16T20:19:12.695059 #39776]  INFO -- : 0:  nap (0.6.0) from /Users/fifnel/.rbenv/versions/2.0.0-p195/lib/ruby/gems/2.0.0/specifications/nap-0.6.0.gemspec
I, [2014-02-16T20:19:12.695420 #39776]  INFO -- : 0:  cocoapods-core (0.29.0) from /Users/fifnel/.rbenv/versions/2.0.0-p195/lib/ruby/gems/2.0.0/specifications/cocoapods-core-0.29.0.gemspec
I, [2014-02-16T20:19:12.695775 #39776]  INFO -- : 0:  cocoapods-downloader (0.3.0) from /Users/fifnel/.rbenv/versions/2.0.0-p195/lib/ruby/gems/2.0.0/specifications/cocoapods-downloader-0.3.0.gemspec
I, [2014-02-16T20:19:12.696050 #39776]  INFO -- : 0:  cocoapods-try-release-fix (0.1.1) from /Users/fifnel/.rbenv/versions/2.0.0-p195/lib/ruby/gems/2.0.0/specifications/cocoapods-try-release-fix-0.1.1.gemspec
I, [2014-02-16T20:19:12.696265 #39776]  INFO -- : 0:  colored (1.2) from /Users/fifnel/.rbenv/versions/2.0.0-p195/lib/ruby/gems/2.0.0/specifications/colored-1.2.gemspec
I, [2014-02-16T20:19:12.696478 #39776]  INFO -- : 0:  escape (0.0.4) from /Users/fifnel/.rbenv/versions/2.0.0-p195/lib/ruby/gems/2.0.0/specifications/escape-0.0.4.gemspec
I, [2014-02-16T20:19:12.696679 #39776]  INFO -- : 0:  open4 (1.3.0) from /Users/fifnel/.rbenv/versions/2.0.0-p195/lib/ruby/gems/2.0.0/specifications/open4-1.3.0.gemspec
I, [2014-02-16T20:19:12.696897 #39776]  INFO -- : 0:  xcodeproj (0.14.1) from /Users/fifnel/.rbenv/versions/2.0.0-p195/lib/ruby/gems/2.0.0/specifications/xcodeproj-0.14.1.gemspec
I, [2014-02-16T20:19:12.697144 #39776]  INFO -- : 0:  cocoapods (0.29.0) from /Users/fifnel/.rbenv/versions/2.0.0-p195/lib/ruby/gems/2.0.0/specifications/cocoapods-0.29.0.gemspec
I, [2014-02-16T20:19:12.697482 #39776]  INFO -- : 0:  motion-cocoapods (1.4.0) from /Users/fifnel/.rbenv/versions/2.0.0-p195/lib/ruby/gems/2.0.0/specifications/motion-cocoapods-1.4.0.gemspec
I, [2014-02-16T20:19:13.658074 #39776]  INFO -- : 0:  teacup (2.1.13) from /Users/fifnel/.rbenv/versions/2.0.0-p195/lib/ruby/gems/2.0.0/specifications/teacup-2.1.13.gemspec
I, [2014-02-16T20:19:13.658521 #39776]  INFO -- : 0:  bundler (1.5.1) from /Users/fifnel/.rbenv/versions/2.0.0-p195/lib/ruby/gems/2.0.0/specifications/bundler-1.5.1.gemspec
